<?xml version="1.0" encoding="UTF-8"?>
<testsuite name="ExampleTestSuite" tests="1" skipped="0" failures="0" errors="0" timestamp="2019-10-07T20:10:14" hostname="Alis-MacBook-Pro.local" time="3.891">
  <properties/>
  <testcase name="successfulTest" classname="ExampleTestSuite" time="3.891"/>
  <system-out><![CDATA[]]></system-out>
  <system-err><![CDATA[Starting ChromeDriver 77.0.3865.40 (f484704e052e0b556f8030b65b953dce96503217-refs/branch-heads/3865@{#442}) on port 14302
Only local connections are allowed.
Please protect ports used by ChromeDriver and related test frameworks to prevent access by malicious code.
]]></system-err>
</testsuite>
